<?xml version="1.0" encoding="UTF-8"?>
<!-- Generated by org.testng.reporters.JUnitXMLReporter -->
<testsuite ignored="2" hostname="DESKTOP-JSSOROQ" failures="1" tests="3" name="Test-Pixel3a_Emulator" time="78.161" errors="0" timestamp="2022-01-30T15:09:21 IST">
  <testcase classname="com.tests.LoginTest" name="invalidLogin" time="7.669"/>
  <testcase classname="com.tests.LoginTest" name="validLogin" time="7.758"/>
  <testcase classname="com.tests.GoogleTest" name="googleSearch" time="0.397">
    <failure type="org.openqa.selenium.WebDriverException" message="An unknown server-side error occurred while processing the command. Original error: Error attempting to start URI. Original error: Error: Starting: Intent { act=android.intent.action.VIEW dat=https://www.google.com/... pkg=com.swaglabsmobileapp }
Error: Activity not started, unable to resolve Intent { act=android.intent.action.VIEW dat=https://www.google.com/... flg=0x10000000 pkg=com.swaglabsmobileapp }
Build info: version: &amp;apos;3.141.59&amp;apos;, revision: &amp;apos;e82be7d358&amp;apos;, time: &amp;apos;2018-11-14T08:17:03&amp;apos;
System info: host: &amp;apos;DESKTOP-JSSOROQ&amp;apos;, ip: &amp;apos;192.168.1.16&amp;apos;, os.name: &amp;apos;Windows 10&amp;apos;, os.arch: &amp;apos;amd64&amp;apos;, os.version: &amp;apos;10.0&amp;apos;, java.version: &amp;apos;11.0.12&amp;apos;
Driver info: io.appium.java_client.android.AndroidDriver
Capabilities {app: D:\MobileAutomationFramewor..., appActivity: com.swaglabsmobileapp.MainA..., appPackage: com.swaglabsmobileapp, automationName: UIAutomator2, avd: Pixel_3a_API_30, avdLaunchTimeout: 180000, chromedriverPort: 7878, databaseEnabled: false, desired: {app: D:\MobileAutomationFramewor..., appActivity: com.swaglabsmobileapp.MainA..., appPackage: com.swaglabsmobileapp, automationName: UIAutomator2, avd: Pixel_3a_API_30, avdLaunchTimeout: 180000, chromedriverPort: 7878, deviceName: Pixel_3a_API_30, platformName: android, systemPort: 7878, udid: emulator-5554}, deviceApiLevel: 30, deviceManufacturer: Google, deviceModel: sdk_gphone_x86, deviceName: emulator-5554, deviceScreenDensity: 440, deviceScreenSize: 1080x2220, deviceUDID: emulator-5554, javascriptEnabled: true, locationContextEnabled: false, networkConnectionEnabled: true, pixelRatio: 2.75, platform: LINUX, platformName: ANDROID, platformVersion: 11, statBarHeight: 66, systemPort: 7878, takesScreenshot: true, udid: emulator-5554, viewportRect: {height: 2022, left: 0, top: 66, width: 1080}, warnings: {}, webStorageEnabled: false}
Session ID: 3f9ef816-4ca5-49c2-aa76-5b2562ecff88">
      <![CDATA[org.openqa.selenium.WebDriverException: An unknown server-side error occurred while processing the command. Original error: Error attempting to start URI. Original error: Error: Starting: Intent { act=android.intent.action.VIEW dat=https://www.google.com/... pkg=com.swaglabsmobileapp }
Error: Activity not started, unable to resolve Intent { act=android.intent.action.VIEW dat=https://www.google.com/... flg=0x10000000 pkg=com.swaglabsmobileapp }
Build info: version: '3.141.59', revision: 'e82be7d358', time: '2018-11-14T08:17:03'
System info: host: 'DESKTOP-JSSOROQ', ip: '192.168.1.16', os.name: 'Windows 10', os.arch: 'amd64', os.version: '10.0', java.version: '11.0.12'
Driver info: io.appium.java_client.android.AndroidDriver
Capabilities {app: D:\MobileAutomationFramewor..., appActivity: com.swaglabsmobileapp.MainA..., appPackage: com.swaglabsmobileapp, automationName: UIAutomator2, avd: Pixel_3a_API_30, avdLaunchTimeout: 180000, chromedriverPort: 7878, databaseEnabled: false, desired: {app: D:\MobileAutomationFramewor..., appActivity: com.swaglabsmobileapp.MainA..., appPackage: com.swaglabsmobileapp, automationName: UIAutomator2, avd: Pixel_3a_API_30, avdLaunchTimeout: 180000, chromedriverPort: 7878, deviceName: Pixel_3a_API_30, platformName: android, systemPort: 7878, udid: emulator-5554}, deviceApiLevel: 30, deviceManufacturer: Google, deviceModel: sdk_gphone_x86, deviceName: emulator-5554, deviceScreenDensity: 440, deviceScreenSize: 1080x2220, deviceUDID: emulator-5554, javascriptEnabled: true, locationContextEnabled: false, networkConnectionEnabled: true, pixelRatio: 2.75, platform: LINUX, platformName: ANDROID, platformVersion: 11, statBarHeight: 66, systemPort: 7878, takesScreenshot: true, udid: emulator-5554, viewportRect: {height: 2022, left: 0, top: 66, width: 1080}, warnings: {}, webStorageEnabled: false}
Session ID: 3f9ef816-4ca5-49c2-aa76-5b2562ecff88
at org.openqa.selenium.remote.http.W3CHttpResponseCodec.createException(W3CHttpResponseCodec.java:187)
at org.openqa.selenium.remote.http.W3CHttpResponseCodec.decode(W3CHttpResponseCodec.java:122)
at org.openqa.selenium.remote.http.W3CHttpResponseCodec.decode(W3CHttpResponseCodec.java:49)
at org.openqa.selenium.remote.HttpCommandExecutor.execute(HttpCommandExecutor.java:158)
at io.appium.java_client.remote.AppiumCommandExecutor.execute(AppiumCommandExecutor.java:250)
at org.openqa.selenium.remote.RemoteWebDriver.execute(RemoteWebDriver.java:552)
at io.appium.java_client.DefaultGenericMobileDriver.execute(DefaultGenericMobileDriver.java:41)
at io.appium.java_client.AppiumDriver.execute(AppiumDriver.java:1)
at io.appium.java_client.android.AndroidDriver.execute(AndroidDriver.java:1)
at org.openqa.selenium.remote.RemoteWebDriver.get(RemoteWebDriver.java:277)
at com.tests.GoogleTest.googleSearch(GoogleTest.java:24)
at java.base/java.util.ArrayList.forEach(ArrayList.java:1541)
at org.apache.maven.plugin.surefire.InPluginVMSurefireStarter.runSuitesInProcess(InPluginVMSurefireStarter.java:87)
at org.apache.maven.plugin.surefire.AbstractSurefireMojo.executeProvider(AbstractSurefireMojo.java:1295)
at org.apache.maven.plugin.surefire.AbstractSurefireMojo.executeAfterPreconditionsChecked(AbstractSurefireMojo.java:1159)
at org.apache.maven.plugin.surefire.AbstractSurefireMojo.execute(AbstractSurefireMojo.java:932)
at org.apache.maven.plugin.DefaultBuildPluginManager.executeMojo(DefaultBuildPluginManager.java:137)
at org.apache.maven.lifecycle.internal.MojoExecutor.execute(MojoExecutor.java:210)
at org.apache.maven.lifecycle.internal.MojoExecutor.execute(MojoExecutor.java:156)
at org.apache.maven.lifecycle.internal.MojoExecutor.execute(MojoExecutor.java:148)
at org.apache.maven.lifecycle.internal.LifecycleModuleBuilder.buildProject(LifecycleModuleBuilder.java:117)
at org.apache.maven.lifecycle.internal.LifecycleModuleBuilder.buildProject(LifecycleModuleBuilder.java:81)
at org.apache.maven.lifecycle.internal.builder.singlethreaded.SingleThreadedBuilder.build(SingleThreadedBuilder.java:56)
at org.apache.maven.lifecycle.internal.LifecycleStarter.execute(LifecycleStarter.java:128)
at org.apache.maven.DefaultMaven.doExecute(DefaultMaven.java:305)
at org.apache.maven.DefaultMaven.doExecute(DefaultMaven.java:192)
at org.apache.maven.DefaultMaven.execute(DefaultMaven.java:105)
at org.apache.maven.cli.MavenCli.execute(MavenCli.java:957)
at org.apache.maven.cli.MavenCli.doMain(MavenCli.java:289)
at org.apache.maven.cli.MavenCli.main(MavenCli.java:193)
at org.codehaus.plexus.classworlds.launcher.Launcher.launchEnhanced(Launcher.java:282)
at org.codehaus.plexus.classworlds.launcher.Launcher.launch(Launcher.java:225)
at org.codehaus.plexus.classworlds.launcher.Launcher.mainWithExitCode(Launcher.java:406)
at org.codehaus.plexus.classworlds.launcher.Launcher.main(Launcher.java:347)
at org.codehaus.classworlds.Launcher.main(Launcher.java:47)
... Removed 42 stack frames]]>
    </failure>
  </testcase> <!-- googleSearch -->
  <testcase classname="base.BaseTest" name="@AfterSuite afterSuite" time="0.0">
    <ignored/>
  </testcase> <!-- @AfterSuite afterSuite -->
  <testcase classname="base.BaseTest" name="@BeforeSuite beforeSuite" time="0.0">
    <ignored/>
  </testcase> <!-- @BeforeSuite beforeSuite -->
</testsuite> <!-- Test-Pixel3a_Emulator -->
