<?xml version="1.0" encoding="UTF-8"?>
<!-- Generated by org.testng.reporters.JUnitReportReporter -->
<testsuite hostname="DESKTOP-JSSOROQ" failures="0" tests="1" name="com.tests.GoogleTest" time="25.234" errors="0" timestamp="2022-01-30T15:25:08 IST" skipped="0">
  <testcase classname="com.tests.GoogleTest" name="googleSearch" time="25.234"/>
  <system-out/>
</testsuite> <!-- com.tests.GoogleTest -->
