<?xml version="1.0" encoding="UTF-8"?>
<!-- Generated by org.testng.reporters.JUnitReportReporter -->
<testsuite hostname="DESKTOP-JSSOROQ" failures="0" tests="2" name="com.tests.LoginTest" time="42.325" errors="0" timestamp="2022-01-30T15:25:08 IST" skipped="0">
  <testcase classname="com.tests.LoginTest" name="invalidLogin" time="17.153"/>
  <system-out/>
  <testcase classname="com.tests.LoginTest" name="validLogin" time="25.172"/>
  <system-out/>
</testsuite> <!-- com.tests.LoginTest -->
